2025-04-11 09:10:14.436 [main]  - Starting TelegramchatbotApplication using Java 17.0.14 with PID 4300 (C:\Users\Морозов Иван\IdeaProjects\projectBotApi\telegram-bot\target\classes started by Морозов Иван in C:\Users\Морозов Иван\IdeaProjects\projectBotApi)
2025-04-11 09:10:14.438 [main]  - Running with Spring Boot v3.2.5, Spring v6.1.6
2025-04-11 09:10:14.439 [main]  - No active profile set, falling back to 1 default profile: "default"
2025-04-11 09:10:15.165 [main]  - Initializing ProtocolHandler ["http-nio-8080"]
2025-04-11 09:10:15.167 [main]  - Starting service [Tomcat]
2025-04-11 09:10:15.167 [main]  - Starting Servlet engine: [Apache Tomcat/10.1.20]
2025-04-11 09:10:15.211 [main]  - Initializing Spring embedded WebApplicationContext
2025-04-11 09:10:15.978 [main]  - Starting ProtocolHandler ["http-nio-8080"]
2025-04-11 09:10:16.054 [main]  - Started TelegramchatbotApplication in 2.01 seconds (process running for 3.181)
2025-04-11 09:10:40.870 [LinkHawkBot Telegram Executor]  - Пользователь сделал запрос LordIoan
2025-04-11 14:13:42.365 [main]  - Starting TelegramchatbotApplication using Java 17.0.14 with PID 8996 (C:\Users\Морозов Иван\IdeaProjects\projectBotApi\telegram-bot\target\classes started by Морозов Иван in C:\Users\Морозов Иван\IdeaProjects\projectBotApi)
2025-04-11 14:13:42.367 [main]  - Running with Spring Boot v3.2.5, Spring v6.1.6
2025-04-11 14:13:42.367 [main]  - No active profile set, falling back to 1 default profile: "default"
2025-04-11 14:13:43.118 [main]  - Initializing ProtocolHandler ["http-nio-8080"]
2025-04-11 14:13:43.120 [main]  - Starting service [Tomcat]
2025-04-11 14:13:43.120 [main]  - Starting Servlet engine: [Apache Tomcat/10.1.20]
2025-04-11 14:13:43.167 [main]  - Initializing Spring embedded WebApplicationContext
2025-04-11 14:13:44.305 [main]  - Starting ProtocolHandler ["http-nio-8080"]
2025-04-11 14:13:44.401 [main]  - Started TelegramchatbotApplication in 2.354 seconds (process running for 3.168)
2025-04-11 14:19:10.630 [http-nio-8080-exec-1]  - Initializing Spring DispatcherServlet 'dispatcherServlet'
2025-04-11 14:19:10.712 [LinkHawkBot Telegram Executor]  - ERROR / Ошибка в методе registerChat 404 Not Found from POST http://localhost:8080/tg-chat/882850654
2025-04-11 14:19:10.893 [LinkHawkBot Telegram Executor]  - Зарегистрировали пользователя LordIoan
2025-04-11 14:21:11.816 [main]  - Starting TelegramchatbotApplication using Java 17.0.14 with PID 1680 (C:\Users\Морозов Иван\IdeaProjects\projectBotApi\telegram-bot\target\classes started by Морозов Иван in C:\Users\Морозов Иван\IdeaProjects\projectBotApi)
2025-04-11 14:21:11.816 [main]  - Running with Spring Boot v3.2.5, Spring v6.1.6
2025-04-11 14:21:11.818 [main]  - No active profile set, falling back to 1 default profile: "default"
2025-04-11 14:21:12.461 [main]  - Initializing ProtocolHandler ["http-nio-8080"]
2025-04-11 14:21:12.463 [main]  - Starting service [Tomcat]
2025-04-11 14:21:12.463 [main]  - Starting Servlet engine: [Apache Tomcat/10.1.20]
2025-04-11 14:21:12.502 [main]  - Initializing Spring embedded WebApplicationContext
2025-04-11 14:21:13.423 [main]  - Starting ProtocolHandler ["http-nio-8080"]
2025-04-11 14:21:13.494 [main]  - Started TelegramchatbotApplication in 2.018 seconds (process running for 2.677)
2025-04-11 14:21:20.058 [LinkHawkBot Telegram Executor]  - ERROR / Ошибка в методе registerChat 500 Internal Server Error from POST http://localhost:9081/tg-chat/882850654
2025-04-11 14:33:43.947 [main]  - Starting TelegramchatbotApplication using Java 17.0.14 with PID 1564 (C:\Users\Морозов Иван\IdeaProjects\projectBotApi\telegram-bot\target\classes started by Морозов Иван in C:\Users\Морозов Иван\IdeaProjects\projectBotApi)
2025-04-11 14:33:43.948 [main]  - Running with Spring Boot v3.2.5, Spring v6.1.6
2025-04-11 14:33:43.949 [main]  - No active profile set, falling back to 1 default profile: "default"
2025-04-11 14:33:44.648 [main]  - Initializing ProtocolHandler ["http-nio-8080"]
2025-04-11 14:33:44.649 [main]  - Starting service [Tomcat]
2025-04-11 14:33:44.650 [main]  - Starting Servlet engine: [Apache Tomcat/10.1.20]
2025-04-11 14:33:44.688 [main]  - Initializing Spring embedded WebApplicationContext
2025-04-11 14:33:45.654 [main]  - Starting ProtocolHandler ["http-nio-8080"]
2025-04-11 14:33:45.732 [main]  - Started TelegramchatbotApplication in 2.111 seconds (process running for 3.09)
2025-04-11 14:34:01.059 [LinkHawkBot Telegram Executor]  - ERROR / Ошибка в методе registerChat 500 Internal Server Error from POST http://localhost:9081/tg-chat/882850654
2025-04-11 14:36:57.058 [LinkHawkBot Telegram Executor]  - Зарегистрировали пользователя LordIoan
2025-04-11 14:37:53.340 [LinkHawkBot Telegram Executor]  - ERROR / Ошибка в методе registerChat 400 Bad Request from POST http://localhost:9081/tg-chat/882850654
2025-04-11 14:39:25.652 [LinkHawkBot Telegram Executor]  - Зарегистрировали пользователя LordIoan
2025-04-11 14:39:28.194 [LinkHawkBot Telegram Executor]  - Зарегистрировали пользователя LordIoan
2025-04-11 14:39:33.928 [LinkHawkBot Telegram Executor]  - Зарегистрировали пользователя LordIoan
2025-04-11 15:08:04.510 [main]  - Starting TelegramchatbotApplication using Java 17.0.14 with PID 9804 (C:\Users\Морозов Иван\IdeaProjects\projectBotApi\telegram-bot\target\classes started by Морозов Иван in C:\Users\Морозов Иван\IdeaProjects\projectBotApi)
2025-04-11 15:08:04.512 [main]  - Running with Spring Boot v3.2.5, Spring v6.1.6
2025-04-11 15:08:04.513 [main]  - No active profile set, falling back to 1 default profile: "default"
2025-04-11 15:08:05.189 [main]  - Initializing ProtocolHandler ["http-nio-8080"]
2025-04-11 15:08:05.190 [main]  - Starting service [Tomcat]
2025-04-11 15:08:05.190 [main]  - Starting Servlet engine: [Apache Tomcat/10.1.20]
2025-04-11 15:08:05.229 [main]  - Initializing Spring embedded WebApplicationContext
2025-04-11 15:08:06.291 [main]  - Starting ProtocolHandler ["http-nio-8080"]
2025-04-11 15:08:06.386 [main]  - Started TelegramchatbotApplication in 2.197 seconds (process running for 2.868)
2025-04-11 15:08:16.803 [LinkHawkBot Telegram Executor]  - Ошибка проверки регистрации чата 882850654: 400 BAD_REQUEST
2025-04-11 15:08:16.933 [LinkHawkBot Telegram Executor]  - Зарегистрировали пользователя LordIoan
2025-04-11 15:08:19.984 [LinkHawkBot Telegram Executor]  - JSON decoding error: Cannot deserialize value of type `java.lang.Boolean` from String "FOUND": only "true" or "false" recognized
org.springframework.core.codec.DecodingException: JSON decoding error: Cannot deserialize value of type `java.lang.Boolean` from String "FOUND": only "true" or "false" recognized
	at org.springframework.http.codec.json.AbstractJackson2Decoder.processException(AbstractJackson2Decoder.java:275)
	Suppressed: reactor.core.publisher.FluxOnAssembly$OnAssemblyException: 
Error has been observed at the following site(s):
	*__checkpoint ⇢ Body from GET http://localhost:9081/tg-chat/882850654/exists [DefaultClientResponse]
Original Stack Trace:
		at org.springframework.http.codec.json.AbstractJackson2Decoder.processException(AbstractJackson2Decoder.java:275)
		at org.springframework.http.codec.json.AbstractJackson2Decoder.decode(AbstractJackson2Decoder.java:211)
		at org.springframework.http.codec.json.AbstractJackson2Decoder.lambda$decodeToMono$2(AbstractJackson2Decoder.java:191)
		at reactor.core.publisher.MonoFlatMap$FlatMapMain.onNext(MonoFlatMap.java:132)
		at reactor.core.publisher.FluxContextWrite$ContextWriteSubscriber.onNext(FluxContextWrite.java:107)
		at reactor.core.publisher.FluxMapFuseable$MapFuseableConditionalSubscriber.onNext(FluxMapFuseable.java:299)
		at reactor.core.publisher.FluxFilterFuseable$FilterFuseableConditionalSubscriber.onNext(FluxFilterFuseable.java:337)
		at reactor.core.publisher.Operators$BaseFluxToMonoOperator.completePossiblyEmpty(Operators.java:2097)
		at reactor.core.publisher.MonoCollect$CollectSubscriber.onComplete(MonoCollect.java:145)
		at reactor.core.publisher.FluxMap$MapSubscriber.onComplete(FluxMap.java:144)
		at reactor.core.publisher.FluxPeek$PeekSubscriber.onComplete(FluxPeek.java:260)
		at reactor.core.publisher.FluxMap$MapSubscriber.onComplete(FluxMap.java:144)
		at reactor.netty.channel.FluxReceive.onInboundComplete(FluxReceive.java:415)
		at reactor.netty.channel.ChannelOperations.onInboundComplete(ChannelOperations.java:446)
		at reactor.netty.channel.ChannelOperations.terminate(ChannelOperations.java:500)
		at reactor.netty.http.client.HttpClientOperations.onInboundNext(HttpClientOperations.java:793)
		at reactor.netty.channel.ChannelOperationsHandler.channelRead(ChannelOperationsHandler.java:114)
		at io.netty.channel.AbstractChannelHandlerContext.invokeChannelRead(AbstractChannelHandlerContext.java:444)
		at io.netty.channel.AbstractChannelHandlerContext.invokeChannelRead(AbstractChannelHandlerContext.java:420)
		at io.netty.channel.AbstractChannelHandlerContext.fireChannelRead(AbstractChannelHandlerContext.java:412)
		at io.netty.handler.codec.MessageToMessageDecoder.channelRead(MessageToMessageDecoder.java:103)
		at io.netty.channel.AbstractChannelHandlerContext.invokeChannelRead(AbstractChannelHandlerContext.java:444)
		at io.netty.channel.AbstractChannelHandlerContext.invokeChannelRead(AbstractChannelHandlerContext.java:420)
		at io.netty.channel.AbstractChannelHandlerContext.fireChannelRead(AbstractChannelHandlerContext.java:412)
		at io.netty.channel.CombinedChannelDuplexHandler$DelegatingChannelHandlerContext.fireChannelRead(CombinedChannelDuplexHandler.java:436)
		at io.netty.handler.codec.ByteToMessageDecoder.fireChannelRead(ByteToMessageDecoder.java:346)
		at io.netty.handler.codec.ByteToMessageDecoder.channelRead(ByteToMessageDecoder.java:318)
		at io.netty.channel.CombinedChannelDuplexHandler.channelRead(CombinedChannelDuplexHandler.java:251)
		at io.netty.channel.AbstractChannelHandlerContext.invokeChannelRead(AbstractChannelHandlerContext.java:442)
		at io.netty.channel.AbstractChannelHandlerContext.invokeChannelRead(AbstractChannelHandlerContext.java:420)
		at io.netty.channel.AbstractChannelHandlerContext.fireChannelRead(AbstractChannelHandlerContext.java:412)
		at io.netty.channel.DefaultChannelPipeline$HeadContext.channelRead(DefaultChannelPipeline.java:1410)
		at io.netty.channel.AbstractChannelHandlerContext.invokeChannelRead(AbstractChannelHandlerContext.java:440)
		at io.netty.channel.AbstractChannelHandlerContext.invokeChannelRead(AbstractChannelHandlerContext.java:420)
		at io.netty.channel.DefaultChannelPipeline.fireChannelRead(DefaultChannelPipeline.java:919)
		at io.netty.channel.nio.AbstractNioByteChannel$NioByteUnsafe.read(AbstractNioByteChannel.java:166)
		at io.netty.channel.nio.NioEventLoop.processSelectedKey(NioEventLoop.java:788)
		at io.netty.channel.nio.NioEventLoop.processSelectedKeysOptimized(NioEventLoop.java:724)
		at io.netty.channel.nio.NioEventLoop.processSelectedKeys(NioEventLoop.java:650)
		at io.netty.channel.nio.NioEventLoop.run(NioEventLoop.java:562)
		at io.netty.util.concurrent.SingleThreadEventExecutor$4.run(SingleThreadEventExecutor.java:997)
		at io.netty.util.internal.ThreadExecutorMap$2.run(ThreadExecutorMap.java:74)
		at io.netty.util.concurrent.FastThreadLocalRunnable.run(FastThreadLocalRunnable.java:30)
		at java.base/java.lang.Thread.run(Thread.java:840)
	Suppressed: java.lang.Exception: #block terminated with an error
		at reactor.core.publisher.BlockingSingleSubscriber.blockingGet(BlockingSingleSubscriber.java:104)
		at reactor.core.publisher.Mono.block(Mono.java:1779)
		at me.ivanmorozov.telegramchatbot.client.ScrapperClient.isChatRegister(ScrapperClient.java:40)
		at me.ivanmorozov.telegramchatbot.service.TgBotService.startCommand(TgBotService.java:79)
		at me.ivanmorozov.telegramchatbot.service.TgBotService.onUpdateReceived(TgBotService.java:64)
		at java.base/java.util.ArrayList.forEach(ArrayList.java:1511)
		at org.telegram.telegrambots.meta.generics.LongPollingBot.onUpdatesReceived(LongPollingBot.java:27)
		at org.telegram.telegrambots.updatesreceivers.DefaultBotSession$HandlerThread.run(DefaultBotSession.java:312)
Caused by: com.fasterxml.jackson.databind.exc.InvalidFormatException: Cannot deserialize value of type `java.lang.Boolean` from String "FOUND": only "true" or "false" recognized
 at [Source: (org.springframework.core.io.buffer.DataBufferInputStream); line: 1, column: 1]
	at com.fasterxml.jackson.databind.exc.InvalidFormatException.from(InvalidFormatException.java:67)
	at com.fasterxml.jackson.databind.DeserializationContext.weirdStringException(DeserializationContext.java:2002)
	at com.fasterxml.jackson.databind.DeserializationContext.handleWeirdStringValue(DeserializationContext.java:1230)
	at com.fasterxml.jackson.databind.deser.std.StdDeserializer._parseBoolean(StdDeserializer.java:550)
	at com.fasterxml.jackson.databind.deser.std.NumberDeserializers$BooleanDeserializer.deserialize(NumberDeserializers.java:227)
	at com.fasterxml.jackson.databind.deser.std.NumberDeserializers$BooleanDeserializer.deserialize(NumberDeserializers.java:200)
	at com.fasterxml.jackson.databind.deser.DefaultDeserializationContext.readRootValue(DefaultDeserializationContext.java:323)
	at com.fasterxml.jackson.databind.ObjectReader._bindAndClose(ObjectReader.java:2105)
	at com.fasterxml.jackson.databind.ObjectReader.readValue(ObjectReader.java:1481)
	at org.springframework.http.codec.json.AbstractJackson2Decoder.decode(AbstractJackson2Decoder.java:206)
	at org.springframework.http.codec.json.AbstractJackson2Decoder.lambda$decodeToMono$2(AbstractJackson2Decoder.java:191)
	at reactor.core.publisher.MonoFlatMap$FlatMapMain.onNext(MonoFlatMap.java:132)
	at reactor.core.publisher.FluxContextWrite$ContextWriteSubscriber.onNext(FluxContextWrite.java:107)
	at reactor.core.publisher.FluxMapFuseable$MapFuseableConditionalSubscriber.onNext(FluxMapFuseable.java:299)
	at reactor.core.publisher.FluxFilterFuseable$FilterFuseableConditionalSubscriber.onNext(FluxFilterFuseable.java:337)
	at reactor.core.publisher.Operators$BaseFluxToMonoOperator.completePossiblyEmpty(Operators.java:2097)
	at reactor.core.publisher.MonoCollect$CollectSubscriber.onComplete(MonoCollect.java:145)
	at reactor.core.publisher.FluxMap$MapSubscriber.onComplete(FluxMap.java:144)
	at reactor.core.publisher.FluxPeek$PeekSubscriber.onComplete(FluxPeek.java:260)
	at reactor.core.publisher.FluxMap$MapSubscriber.onComplete(FluxMap.java:144)
	at reactor.netty.channel.FluxReceive.onInboundComplete(FluxReceive.java:415)
	at reactor.netty.channel.ChannelOperations.onInboundComplete(ChannelOperations.java:446)
	at reactor.netty.channel.ChannelOperations.terminate(ChannelOperations.java:500)
	at reactor.netty.http.client.HttpClientOperations.onInboundNext(HttpClientOperations.java:793)
	at reactor.netty.channel.ChannelOperationsHandler.channelRead(ChannelOperationsHandler.java:114)
	at io.netty.channel.AbstractChannelHandlerContext.invokeChannelRead(AbstractChannelHandlerContext.java:444)
	at io.netty.channel.AbstractChannelHandlerContext.invokeChannelRead(AbstractChannelHandlerContext.java:420)
	at io.netty.channel.AbstractChannelHandlerContext.fireChannelRead(AbstractChannelHandlerContext.java:412)
	at io.netty.handler.codec.MessageToMessageDecoder.channelRead(MessageToMessageDecoder.java:103)
	at io.netty.channel.AbstractChannelHandlerContext.invokeChannelRead(AbstractChannelHandlerContext.java:444)
	at io.netty.channel.AbstractChannelHandlerContext.invokeChannelRead(AbstractChannelHandlerContext.java:420)
	at io.netty.channel.AbstractChannelHandlerContext.fireChannelRead(AbstractChannelHandlerContext.java:412)
	at io.netty.channel.CombinedChannelDuplexHandler$DelegatingChannelHandlerContext.fireChannelRead(CombinedChannelDuplexHandler.java:436)
	at io.netty.handler.codec.ByteToMessageDecoder.fireChannelRead(ByteToMessageDecoder.java:346)
	at io.netty.handler.codec.ByteToMessageDecoder.channelRead(ByteToMessageDecoder.java:318)
	at io.netty.channel.CombinedChannelDuplexHandler.channelRead(CombinedChannelDuplexHandler.java:251)
	at io.netty.channel.AbstractChannelHandlerContext.invokeChannelRead(AbstractChannelHandlerContext.java:442)
	at io.netty.channel.AbstractChannelHandlerContext.invokeChannelRead(AbstractChannelHandlerContext.java:420)
	at io.netty.channel.AbstractChannelHandlerContext.fireChannelRead(AbstractChannelHandlerContext.java:412)
	at io.netty.channel.DefaultChannelPipeline$HeadContext.channelRead(DefaultChannelPipeline.java:1410)
	at io.netty.channel.AbstractChannelHandlerContext.invokeChannelRead(AbstractChannelHandlerContext.java:440)
	at io.netty.channel.AbstractChannelHandlerContext.invokeChannelRead(AbstractChannelHandlerContext.java:420)
	at io.netty.channel.DefaultChannelPipeline.fireChannelRead(DefaultChannelPipeline.java:919)
	at io.netty.channel.nio.AbstractNioByteChannel$NioByteUnsafe.read(AbstractNioByteChannel.java:166)
	at io.netty.channel.nio.NioEventLoop.processSelectedKey(NioEventLoop.java:788)
	at io.netty.channel.nio.NioEventLoop.processSelectedKeysOptimized(NioEventLoop.java:724)
	at io.netty.channel.nio.NioEventLoop.processSelectedKeys(NioEventLoop.java:650)
	at io.netty.channel.nio.NioEventLoop.run(NioEventLoop.java:562)
	at io.netty.util.concurrent.SingleThreadEventExecutor$4.run(SingleThreadEventExecutor.java:997)
	at io.netty.util.internal.ThreadExecutorMap$2.run(ThreadExecutorMap.java:74)
	at io.netty.util.concurrent.FastThreadLocalRunnable.run(FastThreadLocalRunnable.java:30)
	at java.base/java.lang.Thread.run(Thread.java:840)
2025-04-11 15:09:16.625 [main]  - Starting TelegramchatbotApplication using Java 17.0.14 with PID 3632 (C:\Users\Морозов Иван\IdeaProjects\projectBotApi\telegram-bot\target\classes started by Морозов Иван in C:\Users\Морозов Иван\IdeaProjects\projectBotApi)
2025-04-11 15:09:16.628 [main]  - Running with Spring Boot v3.2.5, Spring v6.1.6
2025-04-11 15:09:16.628 [main]  - No active profile set, falling back to 1 default profile: "default"
2025-04-11 15:09:17.264 [main]  - Initializing ProtocolHandler ["http-nio-8080"]
2025-04-11 15:09:17.266 [main]  - Starting service [Tomcat]
2025-04-11 15:09:17.266 [main]  - Starting Servlet engine: [Apache Tomcat/10.1.20]
2025-04-11 15:09:17.304 [main]  - Initializing Spring embedded WebApplicationContext
2025-04-11 15:09:18.145 [main]  - Starting ProtocolHandler ["http-nio-8080"]
2025-04-11 15:09:18.220 [main]  - Started TelegramchatbotApplication in 1.92 seconds (process running for 2.744)
2025-04-11 15:09:24.040 [LinkHawkBot Telegram Executor]  - JSON decoding error: Cannot deserialize value of type `java.lang.Boolean` from String "FOUND": only "true" or "false" recognized
org.springframework.core.codec.DecodingException: JSON decoding error: Cannot deserialize value of type `java.lang.Boolean` from String "FOUND": only "true" or "false" recognized
	at org.springframework.http.codec.json.AbstractJackson2Decoder.processException(AbstractJackson2Decoder.java:275)
	Suppressed: reactor.core.publisher.FluxOnAssembly$OnAssemblyException: 
Error has been observed at the following site(s):
	*__checkpoint ⇢ Body from GET http://localhost:9081/tg-chat/882850654/exists [DefaultClientResponse]
Original Stack Trace:
		at org.springframework.http.codec.json.AbstractJackson2Decoder.processException(AbstractJackson2Decoder.java:275)
		at org.springframework.http.codec.json.AbstractJackson2Decoder.decode(AbstractJackson2Decoder.java:211)
		at org.springframework.http.codec.json.AbstractJackson2Decoder.lambda$decodeToMono$2(AbstractJackson2Decoder.java:191)
		at reactor.core.publisher.MonoFlatMap$FlatMapMain.onNext(MonoFlatMap.java:132)
		at reactor.core.publisher.FluxContextWrite$ContextWriteSubscriber.onNext(FluxContextWrite.java:107)
		at reactor.core.publisher.FluxMapFuseable$MapFuseableConditionalSubscriber.onNext(FluxMapFuseable.java:299)
		at reactor.core.publisher.FluxFilterFuseable$FilterFuseableConditionalSubscriber.onNext(FluxFilterFuseable.java:337)
		at reactor.core.publisher.Operators$BaseFluxToMonoOperator.completePossiblyEmpty(Operators.java:2097)
		at reactor.core.publisher.MonoCollect$CollectSubscriber.onComplete(MonoCollect.java:145)
		at reactor.core.publisher.FluxMap$MapSubscriber.onComplete(FluxMap.java:144)
		at reactor.core.publisher.FluxPeek$PeekSubscriber.onComplete(FluxPeek.java:260)
		at reactor.core.publisher.FluxMap$MapSubscriber.onComplete(FluxMap.java:144)
		at reactor.netty.channel.FluxReceive.onInboundComplete(FluxReceive.java:415)
		at reactor.netty.channel.ChannelOperations.onInboundComplete(ChannelOperations.java:446)
		at reactor.netty.channel.ChannelOperations.terminate(ChannelOperations.java:500)
		at reactor.netty.http.client.HttpClientOperations.onInboundNext(HttpClientOperations.java:793)
		at reactor.netty.channel.ChannelOperationsHandler.channelRead(ChannelOperationsHandler.java:114)
		at io.netty.channel.AbstractChannelHandlerContext.invokeChannelRead(AbstractChannelHandlerContext.java:444)
		at io.netty.channel.AbstractChannelHandlerContext.invokeChannelRead(AbstractChannelHandlerContext.java:420)
		at io.netty.channel.AbstractChannelHandlerContext.fireChannelRead(AbstractChannelHandlerContext.java:412)
		at io.netty.handler.codec.MessageToMessageDecoder.channelRead(MessageToMessageDecoder.java:103)
		at io.netty.channel.AbstractChannelHandlerContext.invokeChannelRead(AbstractChannelHandlerContext.java:444)
		at io.netty.channel.AbstractChannelHandlerContext.invokeChannelRead(AbstractChannelHandlerContext.java:420)
		at io.netty.channel.AbstractChannelHandlerContext.fireChannelRead(AbstractChannelHandlerContext.java:412)
		at io.netty.channel.CombinedChannelDuplexHandler$DelegatingChannelHandlerContext.fireChannelRead(CombinedChannelDuplexHandler.java:436)
		at io.netty.handler.codec.ByteToMessageDecoder.fireChannelRead(ByteToMessageDecoder.java:346)
		at io.netty.handler.codec.ByteToMessageDecoder.channelRead(ByteToMessageDecoder.java:318)
		at io.netty.channel.CombinedChannelDuplexHandler.channelRead(CombinedChannelDuplexHandler.java:251)
		at io.netty.channel.AbstractChannelHandlerContext.invokeChannelRead(AbstractChannelHandlerContext.java:442)
		at io.netty.channel.AbstractChannelHandlerContext.invokeChannelRead(AbstractChannelHandlerContext.java:420)
		at io.netty.channel.AbstractChannelHandlerContext.fireChannelRead(AbstractChannelHandlerContext.java:412)
		at io.netty.channel.DefaultChannelPipeline$HeadContext.channelRead(DefaultChannelPipeline.java:1410)
		at io.netty.channel.AbstractChannelHandlerContext.invokeChannelRead(AbstractChannelHandlerContext.java:440)
		at io.netty.channel.AbstractChannelHandlerContext.invokeChannelRead(AbstractChannelHandlerContext.java:420)
		at io.netty.channel.DefaultChannelPipeline.fireChannelRead(DefaultChannelPipeline.java:919)
		at io.netty.channel.nio.AbstractNioByteChannel$NioByteUnsafe.read(AbstractNioByteChannel.java:166)
		at io.netty.channel.nio.NioEventLoop.processSelectedKey(NioEventLoop.java:788)
		at io.netty.channel.nio.NioEventLoop.processSelectedKeysOptimized(NioEventLoop.java:724)
		at io.netty.channel.nio.NioEventLoop.processSelectedKeys(NioEventLoop.java:650)
		at io.netty.channel.nio.NioEventLoop.run(NioEventLoop.java:562)
		at io.netty.util.concurrent.SingleThreadEventExecutor$4.run(SingleThreadEventExecutor.java:997)
		at io.netty.util.internal.ThreadExecutorMap$2.run(ThreadExecutorMap.java:74)
		at io.netty.util.concurrent.FastThreadLocalRunnable.run(FastThreadLocalRunnable.java:30)
		at java.base/java.lang.Thread.run(Thread.java:840)
	Suppressed: java.lang.Exception: #block terminated with an error
		at reactor.core.publisher.BlockingSingleSubscriber.blockingGet(BlockingSingleSubscriber.java:104)
		at reactor.core.publisher.Mono.block(Mono.java:1779)
		at me.ivanmorozov.telegramchatbot.client.ScrapperClient.isChatRegister(ScrapperClient.java:40)
		at me.ivanmorozov.telegramchatbot.service.TgBotService.startCommand(TgBotService.java:79)
		at me.ivanmorozov.telegramchatbot.service.TgBotService.onUpdateReceived(TgBotService.java:64)
		at java.base/java.util.ArrayList.forEach(ArrayList.java:1511)
		at org.telegram.telegrambots.meta.generics.LongPollingBot.onUpdatesReceived(LongPollingBot.java:27)
		at org.telegram.telegrambots.updatesreceivers.DefaultBotSession$HandlerThread.run(DefaultBotSession.java:312)
Caused by: com.fasterxml.jackson.databind.exc.InvalidFormatException: Cannot deserialize value of type `java.lang.Boolean` from String "FOUND": only "true" or "false" recognized
 at [Source: (org.springframework.core.io.buffer.DataBufferInputStream); line: 1, column: 1]
	at com.fasterxml.jackson.databind.exc.InvalidFormatException.from(InvalidFormatException.java:67)
	at com.fasterxml.jackson.databind.DeserializationContext.weirdStringException(DeserializationContext.java:2002)
	at com.fasterxml.jackson.databind.DeserializationContext.handleWeirdStringValue(DeserializationContext.java:1230)
	at com.fasterxml.jackson.databind.deser.std.StdDeserializer._parseBoolean(StdDeserializer.java:550)
	at com.fasterxml.jackson.databind.deser.std.NumberDeserializers$BooleanDeserializer.deserialize(NumberDeserializers.java:227)
	at com.fasterxml.jackson.databind.deser.std.NumberDeserializers$BooleanDeserializer.deserialize(NumberDeserializers.java:200)
	at com.fasterxml.jackson.databind.deser.DefaultDeserializationContext.readRootValue(DefaultDeserializationContext.java:323)
	at com.fasterxml.jackson.databind.ObjectReader._bindAndClose(ObjectReader.java:2105)
	at com.fasterxml.jackson.databind.ObjectReader.readValue(ObjectReader.java:1481)
	at org.springframework.http.codec.json.AbstractJackson2Decoder.decode(AbstractJackson2Decoder.java:206)
	at org.springframework.http.codec.json.AbstractJackson2Decoder.lambda$decodeToMono$2(AbstractJackson2Decoder.java:191)
	at reactor.core.publisher.MonoFlatMap$FlatMapMain.onNext(MonoFlatMap.java:132)
	at reactor.core.publisher.FluxContextWrite$ContextWriteSubscriber.onNext(FluxContextWrite.java:107)
	at reactor.core.publisher.FluxMapFuseable$MapFuseableConditionalSubscriber.onNext(FluxMapFuseable.java:299)
	at reactor.core.publisher.FluxFilterFuseable$FilterFuseableConditionalSubscriber.onNext(FluxFilterFuseable.java:337)
	at reactor.core.publisher.Operators$BaseFluxToMonoOperator.completePossiblyEmpty(Operators.java:2097)
	at reactor.core.publisher.MonoCollect$CollectSubscriber.onComplete(MonoCollect.java:145)
	at reactor.core.publisher.FluxMap$MapSubscriber.onComplete(FluxMap.java:144)
	at reactor.core.publisher.FluxPeek$PeekSubscriber.onComplete(FluxPeek.java:260)
	at reactor.core.publisher.FluxMap$MapSubscriber.onComplete(FluxMap.java:144)
	at reactor.netty.channel.FluxReceive.onInboundComplete(FluxReceive.java:415)
	at reactor.netty.channel.ChannelOperations.onInboundComplete(ChannelOperations.java:446)
	at reactor.netty.channel.ChannelOperations.terminate(ChannelOperations.java:500)
	at reactor.netty.http.client.HttpClientOperations.onInboundNext(HttpClientOperations.java:793)
	at reactor.netty.channel.ChannelOperationsHandler.channelRead(ChannelOperationsHandler.java:114)
	at io.netty.channel.AbstractChannelHandlerContext.invokeChannelRead(AbstractChannelHandlerContext.java:444)
	at io.netty.channel.AbstractChannelHandlerContext.invokeChannelRead(AbstractChannelHandlerContext.java:420)
	at io.netty.channel.AbstractChannelHandlerContext.fireChannelRead(AbstractChannelHandlerContext.java:412)
	at io.netty.handler.codec.MessageToMessageDecoder.channelRead(MessageToMessageDecoder.java:103)
	at io.netty.channel.AbstractChannelHandlerContext.invokeChannelRead(AbstractChannelHandlerContext.java:444)
	at io.netty.channel.AbstractChannelHandlerContext.invokeChannelRead(AbstractChannelHandlerContext.java:420)
	at io.netty.channel.AbstractChannelHandlerContext.fireChannelRead(AbstractChannelHandlerContext.java:412)
	at io.netty.channel.CombinedChannelDuplexHandler$DelegatingChannelHandlerContext.fireChannelRead(CombinedChannelDuplexHandler.java:436)
	at io.netty.handler.codec.ByteToMessageDecoder.fireChannelRead(ByteToMessageDecoder.java:346)
	at io.netty.handler.codec.ByteToMessageDecoder.channelRead(ByteToMessageDecoder.java:318)
	at io.netty.channel.CombinedChannelDuplexHandler.channelRead(CombinedChannelDuplexHandler.java:251)
	at io.netty.channel.AbstractChannelHandlerContext.invokeChannelRead(AbstractChannelHandlerContext.java:442)
	at io.netty.channel.AbstractChannelHandlerContext.invokeChannelRead(AbstractChannelHandlerContext.java:420)
	at io.netty.channel.AbstractChannelHandlerContext.fireChannelRead(AbstractChannelHandlerContext.java:412)
	at io.netty.channel.DefaultChannelPipeline$HeadContext.channelRead(DefaultChannelPipeline.java:1410)
	at io.netty.channel.AbstractChannelHandlerContext.invokeChannelRead(AbstractChannelHandlerContext.java:440)
	at io.netty.channel.AbstractChannelHandlerContext.invokeChannelRead(AbstractChannelHandlerContext.java:420)
	at io.netty.channel.DefaultChannelPipeline.fireChannelRead(DefaultChannelPipeline.java:919)
	at io.netty.channel.nio.AbstractNioByteChannel$NioByteUnsafe.read(AbstractNioByteChannel.java:166)
	at io.netty.channel.nio.NioEventLoop.processSelectedKey(NioEventLoop.java:788)
	at io.netty.channel.nio.NioEventLoop.processSelectedKeysOptimized(NioEventLoop.java:724)
	at io.netty.channel.nio.NioEventLoop.processSelectedKeys(NioEventLoop.java:650)
	at io.netty.channel.nio.NioEventLoop.run(NioEventLoop.java:562)
	at io.netty.util.concurrent.SingleThreadEventExecutor$4.run(SingleThreadEventExecutor.java:997)
	at io.netty.util.internal.ThreadExecutorMap$2.run(ThreadExecutorMap.java:74)
	at io.netty.util.concurrent.FastThreadLocalRunnable.run(FastThreadLocalRunnable.java:30)
	at java.base/java.lang.Thread.run(Thread.java:840)
2025-04-11 15:11:45.476 [main]  - Starting TelegramchatbotApplication using Java 17.0.14 with PID 9456 (C:\Users\Морозов Иван\IdeaProjects\projectBotApi\telegram-bot\target\classes started by Морозов Иван in C:\Users\Морозов Иван\IdeaProjects\projectBotApi)
2025-04-11 15:11:45.478 [main]  - Running with Spring Boot v3.2.5, Spring v6.1.6
2025-04-11 15:11:45.478 [main]  - No active profile set, falling back to 1 default profile: "default"
2025-04-11 15:11:46.164 [main]  - Initializing ProtocolHandler ["http-nio-8080"]
2025-04-11 15:11:46.166 [main]  - Starting service [Tomcat]
2025-04-11 15:11:46.166 [main]  - Starting Servlet engine: [Apache Tomcat/10.1.20]
2025-04-11 15:11:46.207 [main]  - Initializing Spring embedded WebApplicationContext
2025-04-11 15:11:47.112 [main]  - Starting ProtocolHandler ["http-nio-8080"]
2025-04-11 15:11:47.197 [main]  - Started TelegramchatbotApplication in 2.036 seconds (process running for 3.147)
2025-04-11 15:11:58.052 [LinkHawkBot Telegram Executor]  - Зарегистрировали пользователя LordIoan
2025-04-11 15:11:59.968 [LinkHawkBot Telegram Executor]  - Пользователь LordIoan (chatId=882850654) уже зарегистрирован
2025-04-11 15:11:59.984 [LinkHawkBot Telegram Executor]  - ERROR / Ошибка в методе registerChat 400 Bad Request from POST http://localhost:9081/tg-chat/882850654
2025-04-11 15:12:23.003 [main]  - Starting TelegramchatbotApplication using Java 17.0.14 with PID 1652 (C:\Users\Морозов Иван\IdeaProjects\projectBotApi\telegram-bot\target\classes started by Морозов Иван in C:\Users\Морозов Иван\IdeaProjects\projectBotApi)
2025-04-11 15:12:23.005 [main]  - Running with Spring Boot v3.2.5, Spring v6.1.6
2025-04-11 15:12:23.006 [main]  - No active profile set, falling back to 1 default profile: "default"
2025-04-11 15:12:23.691 [main]  - Initializing ProtocolHandler ["http-nio-8080"]
2025-04-11 15:12:23.692 [main]  - Starting service [Tomcat]
2025-04-11 15:12:23.692 [main]  - Starting Servlet engine: [Apache Tomcat/10.1.20]
2025-04-11 15:12:23.732 [main]  - Initializing Spring embedded WebApplicationContext
2025-04-11 15:12:24.662 [main]  - Starting ProtocolHandler ["http-nio-8080"]
2025-04-11 15:12:24.738 [main]  - Started TelegramchatbotApplication in 2.062 seconds (process running for 2.713)
2025-04-11 15:12:29.026 [LinkHawkBot Telegram Executor]  - Пользователь LordIoan (chatId=882850654) уже зарегистрирован
2025-04-11 15:41:03.653 [LinkHawkBot Telegram Executor]  - Зарегистрировали пользователя null
2025-04-11 15:41:07.794 [LinkHawkBot Telegram Executor]  - Пользователь null (chatId=7610309765) уже зарегистрирован
2025-04-11 15:42:36.251 [LinkHawkBot Telegram Executor]  - Пользователь LordIoan (chatId=882850654) уже зарегистрирован
